Build started 12.02.2013 23:56:15.
     1>Project "D:\Andrews files\PROGRAMMING\Math\KnapsackAlgorighmProcess\KnapsackAlgorighmProcess\KnapsackAlgorighmProcess.vcxproj" on node 2 (Build target(s)).
     1>ClCompile:
         C:\Program Files\Microsoft Visual Studio 11.0\VC\bin\CL.exe /c /ZI /nologo /W3 /WX- /Od /Oy- /D WIN32 /D _DEBUG /D _CONSOLE /D _UNICODE /D UNICODE /Gm /EHsc /RTC1 /MTd /GS /fp:precise /Zc:wchar_t /Zc:forScope /Fo"Debug\\" /Fd"Debug\vc110.pdb" /Gd /TP /analyze- /errorReport:prompt Source.cpp
         Source.cpp
     1>d:\andrews files\programming\math\knapsackalgorighmprocess\knapsackalgorighmprocess\source.cpp(14): warning C4334: '<<' : result of 32-bit shift implicitly converted to 64 bits (was 64-bit shift intended?)
     1>d:\andrews files\programming\math\knapsackalgorighmprocess\knapsackalgorighmprocess\source.cpp(14): warning C4800: 'unsigned __int64' : forcing value to bool 'true' or 'false' (performance warning)
     1>d:\andrews files\programming\math\knapsackalgorighmprocess\knapsackalgorighmprocess\source.cpp(73): warning C4334: '<<' : result of 32-bit shift implicitly converted to 64 bits (was 64-bit shift intended?)
     1>d:\andrews files\programming\math\knapsackalgorighmprocess\knapsackalgorighmprocess\source.cpp(73): warning C4018: '<' : signed/unsigned mismatch
     1>d:\andrews files\programming\math\knapsackalgorighmprocess\knapsackalgorighmprocess\source.cpp(91): warning C4018: '<' : signed/unsigned mismatch
     1>d:\andrews files\programming\math\knapsackalgorighmprocess\knapsackalgorighmprocess\source.cpp(97): warning C4334: '<<' : result of 32-bit shift implicitly converted to 64 bits (was 64-bit shift intended?)
     1>d:\andrews files\programming\math\knapsackalgorighmprocess\knapsackalgorighmprocess\source.cpp(120): warning C4334: '<<' : result of 32-bit shift implicitly converted to 64 bits (was 64-bit shift intended?)
     1>d:\andrews files\programming\math\knapsackalgorighmprocess\knapsackalgorighmprocess\source.cpp(120): warning C4018: '<' : signed/unsigned mismatch
     1>d:\andrews files\programming\math\knapsackalgorighmprocess\knapsackalgorighmprocess\source.cpp(136): warning C4018: '<' : signed/unsigned mismatch
     1>d:\andrews files\programming\math\knapsackalgorighmprocess\knapsackalgorighmprocess\source.cpp(145): warning C4018: '<' : signed/unsigned mismatch
     1>d:\andrews files\programming\math\knapsackalgorighmprocess\knapsackalgorighmprocess\source.cpp(154): warning C4018: '<' : signed/unsigned mismatch
     1>d:\andrews files\programming\math\knapsackalgorighmprocess\knapsackalgorighmprocess\source.cpp(160): warning C4018: '<' : signed/unsigned mismatch
     1>d:\andrews files\programming\math\knapsackalgorighmprocess\knapsackalgorighmprocess\source.cpp(194): warning C4018: '<' : signed/unsigned mismatch
     1>d:\andrews files\programming\math\knapsackalgorighmprocess\knapsackalgorighmprocess\source.cpp(202): warning C4334: '<<' : result of 32-bit shift implicitly converted to 64 bits (was 64-bit shift intended?)
     1>d:\andrews files\programming\math\knapsackalgorighmprocess\knapsackalgorighmprocess\source.cpp(240): warning C4018: '<' : signed/unsigned mismatch
     1>d:\andrews files\programming\math\knapsackalgorighmprocess\knapsackalgorighmprocess\source.cpp(247): warning C4018: '<' : signed/unsigned mismatch
     1>d:\andrews files\programming\math\knapsackalgorighmprocess\knapsackalgorighmprocess\source.cpp(296): warning C4018: '<' : signed/unsigned mismatch
     1>d:\andrews files\programming\math\knapsackalgorighmprocess\knapsackalgorighmprocess\source.cpp(364): warning C4244: 'argument' : conversion from 'time_t' to 'unsigned int', possible loss of data
     1>d:\andrews files\programming\math\knapsackalgorighmprocess\knapsackalgorighmprocess\source.cpp(390): warning C4018: '<' : signed/unsigned mismatch
       Link:
         C:\Program Files\Microsoft Visual Studio 11.0\VC\bin\link.exe /ERRORREPORT:PROMPT /OUT:"D:\Andrews files\PROGRAMMING\Math\KnapsackAlgorighmProcess\Debug\KnapsackAlgorighmProcess.exe" /INCREMENTAL /NOLOGO kernel32.lib user32.lib gdi32.lib winspool.lib comdlg32.lib advapi32.lib shell32.lib ole32.lib oleaut32.lib uuid.lib odbc32.lib odbccp32.lib /MANIFEST /MANIFESTUAC:"level='asInvoker' uiAccess='false'" /manifest:embed /DEBUG /PDB:"D:\Andrews files\PROGRAMMING\Math\KnapsackAlgorighmProcess\Debug\KnapsackAlgorighmProcess.pdb" /SUBSYSTEM:CONSOLE /TLBID:1 /DYNAMICBASE /NXCOMPAT /IMPLIB:"D:\Andrews files\PROGRAMMING\Math\KnapsackAlgorighmProcess\Debug\KnapsackAlgorighmProcess.lib" /MACHINE:X86 Debug\Source.obj
         KnapsackAlgorighmProcess.vcxproj -> D:\Andrews files\PROGRAMMING\Math\KnapsackAlgorighmProcess\Debug\KnapsackAlgorighmProcess.exe
     1>Done Building Project "D:\Andrews files\PROGRAMMING\Math\KnapsackAlgorighmProcess\KnapsackAlgorighmProcess\KnapsackAlgorighmProcess.vcxproj" (Build target(s)).

Build succeeded.

Time Elapsed 00:00:02.16
